<?xml version="1.0" encoding="UTF-8"?>
<!-- Generated by org.testng.reporters.JUnitXMLReporter -->
<testsuite ignored="0" hostname="DESKTOP-HE77EJK" failures="0" tests="1" name="Surefire test" time="0.049" errors="0" timestamp="2024-06-01T14:47:06 PDT">
  <testcase classname="esauCompany.TestComponents.BaseTest" name="@BeforeMethod setUp" time="-1.717278426227E9">
    <failure type="org.testng.TestNGException" message="
Parameter &amp;apos;browser&amp;apos; is required by BeforeMethod on method setUp but has not been marked @Optional or defined
">
      <![CDATA[org.testng.TestNGException: 
Parameter 'browser' is required by BeforeMethod on method setUp but has not been marked @Optional or defined

at java.base/java.util.ArrayList.forEach(ArrayList.java:1597)
... Removed 33 stack frames]]>
    </failure>
  </testcase> <!-- @BeforeMethod setUp -->
  <testcase classname="esauCompany.TestComponents.BaseTest" name="@AfterMethod setDown" time="0.0">
    <skipped/>
  </testcase> <!-- @AfterMethod setDown -->
  <testcase classname="esauCompany.Tests.FirstTest" name="testExample" time="0.001">
    <skipped/>
  </testcase> <!-- testExample -->
</testsuite> <!-- Surefire test -->
