<?xml version="1.0" encoding="UTF-8"?>
<testng-results ignored="0" total="4" passed="3" failed="1" skipped="0">
  <reporter-output>
  </reporter-output>
  <suite started-at="2025-05-27T10:00:39 PDT" name="Suite" finished-at="2025-05-27T10:00:48 PDT" duration-ms="8121">
    <groups>
    </groups>
    <test started-at="2025-05-27T10:00:39 PDT" name="Sort Test" finished-at="2025-05-27T10:00:48 PDT" duration-ms="8121">
      <class name="esauCompany.Tests.ProductPageTest">
        <test-method is-config="true" signature="launchApplication()[pri:0, instance:esauCompany.Tests.ProductPageTest@433defed]" started-at="2025-05-27T10:00:40 PDT" name="launchApplication" finished-at="2025-05-27T10:00:41 PDT" duration-ms="1662" status="PASS">
          <reporter-output>
          </reporter-output>
        </test-method> <!-- launchApplication -->
        <test-method signature="SortNameTestAToZ(java.util.HashMap)[pri:0, instance:esauCompany.Tests.ProductPageTest@433defed]" started-at="2025-05-27T10:00:41 PDT" name="SortNameTestAToZ" data-provider="getData" finished-at="2025-05-27T10:00:42 PDT" duration-ms="632" status="PASS">
          <params>
            <param index="0">
              <value>
                <![CDATA[{zipcode=22900, lastName=Gutierrez, password=secret_sauce, name=Esau, email=standard_user, productName=Sauce Labs Fleece Jacket, confirmationMessage=Thank you for your order!}]]>
              </value>
            </param>
          </params>
          <reporter-output>
          </reporter-output>
        </test-method> <!-- SortNameTestAToZ -->
        <test-method is-config="true" signature="tearDown()[pri:0, instance:esauCompany.Tests.ProductPageTest@433defed]" started-at="2025-05-27T10:00:42 PDT" name="tearDown" finished-at="2025-05-27T10:00:42 PDT" duration-ms="120" status="PASS">
          <reporter-output>
          </reporter-output>
        </test-method> <!-- tearDown -->
        <test-method is-config="true" signature="launchApplication()[pri:0, instance:esauCompany.Tests.ProductPageTest@433defed]" started-at="2025-05-27T10:00:42 PDT" name="launchApplication" finished-at="2025-05-27T10:00:43 PDT" duration-ms="1283" status="PASS">
          <reporter-output>
          </reporter-output>
        </test-method> <!-- launchApplication -->
        <test-method signature="SortNameTestZToA(java.util.HashMap)[pri:0, instance:esauCompany.Tests.ProductPageTest@433defed]" started-at="2025-05-27T10:00:43 PDT" name="SortNameTestZToA" data-provider="getData" finished-at="2025-05-27T10:00:44 PDT" duration-ms="424" status="PASS">
          <params>
            <param index="0">
              <value>
                <![CDATA[{zipcode=22900, lastName=Gutierrez, password=secret_sauce, name=Esau, email=standard_user, productName=Sauce Labs Fleece Jacket, confirmationMessage=Thank you for your order!}]]>
              </value>
            </param>
          </params>
          <reporter-output>
          </reporter-output>
        </test-method> <!-- SortNameTestZToA -->
        <test-method is-config="true" signature="tearDown()[pri:0, instance:esauCompany.Tests.ProductPageTest@433defed]" started-at="2025-05-27T10:00:44 PDT" name="tearDown" finished-at="2025-05-27T10:00:44 PDT" duration-ms="103" status="PASS">
          <reporter-output>
          </reporter-output>
        </test-method> <!-- tearDown -->
        <test-method is-config="true" signature="launchApplication()[pri:0, instance:esauCompany.Tests.ProductPageTest@433defed]" started-at="2025-05-27T10:00:44 PDT" name="launchApplication" finished-at="2025-05-27T10:00:45 PDT" duration-ms="1140" status="PASS">
          <reporter-output>
          </reporter-output>
        </test-method> <!-- launchApplication -->
        <test-method signature="SortPriceHighToLow(java.util.HashMap)[pri:0, instance:esauCompany.Tests.ProductPageTest@433defed]" started-at="2025-05-27T10:00:45 PDT" name="SortPriceHighToLow" data-provider="getData" finished-at="2025-05-27T10:00:46 PDT" duration-ms="423" status="PASS">
          <params>
            <param index="0">
              <value>
                <![CDATA[{zipcode=22900, lastName=Gutierrez, password=secret_sauce, name=Esau, email=standard_user, productName=Sauce Labs Fleece Jacket, confirmationMessage=Thank you for your order!}]]>
              </value>
            </param>
          </params>
          <reporter-output>
          </reporter-output>
        </test-method> <!-- SortPriceHighToLow -->
        <test-method is-config="true" signature="tearDown()[pri:0, instance:esauCompany.Tests.ProductPageTest@433defed]" started-at="2025-05-27T10:00:46 PDT" name="tearDown" finished-at="2025-05-27T10:00:46 PDT" duration-ms="100" status="PASS">
          <reporter-output>
          </reporter-output>
        </test-method> <!-- tearDown -->
        <test-method is-config="true" signature="launchApplication()[pri:0, instance:esauCompany.Tests.ProductPageTest@433defed]" started-at="2025-05-27T10:00:46 PDT" name="launchApplication" finished-at="2025-05-27T10:00:47 PDT" duration-ms="1129" status="PASS">
          <reporter-output>
          </reporter-output>
        </test-method> <!-- launchApplication -->
        <test-method signature="SortPriceLowToHigh(java.util.HashMap)[pri:0, instance:esauCompany.Tests.ProductPageTest@433defed]" started-at="2025-05-27T10:00:47 PDT" name="SortPriceLowToHigh" data-provider="getData" finished-at="2025-05-27T10:00:47 PDT" duration-ms="453" status="FAIL">
          <params>
            <param index="0">
              <value>
                <![CDATA[{zipcode=22900, lastName=Gutierrez, password=secret_sauce, name=Esau, email=standard_user, productName=Sauce Labs Fleece Jacket, confirmationMessage=Thank you for your order!}]]>
              </value>
            </param>
          </params>
          <exception class="java.lang.AssertionError">
            <message>
              <![CDATA[Prices not sorted low to high.: Lists differ at element [0]: 7.99 != 49.99 expected [7.99] but found [49.99]]]>
            </message>
            <full-stacktrace>
              <![CDATA[java.lang.AssertionError: Prices not sorted low to high.: Lists differ at element [0]: 7.99 != 49.99 expected [7.99] but found [49.99]
at org.testng.Assert.fail(Assert.java:111)
at org.testng.Assert.failNotEquals(Assert.java:1590)
at org.testng.Assert.assertEqualsImpl(Assert.java:150)
at org.testng.Assert.assertEquals(Assert.java:1656)
at esauCompany.Tests.ProductPageTest.SortPriceLowToHigh(ProductPageTest.java:57)
at java.base/jdk.internal.reflect.NativeMethodAccessorImpl.invoke0(Native Method)
at java.base/jdk.internal.reflect.NativeMethodAccessorImpl.invoke(NativeMethodAccessorImpl.java:77)
at java.base/jdk.internal.reflect.DelegatingMethodAccessorImpl.invoke(DelegatingMethodAccessorImpl.java:43)
at java.base/java.lang.reflect.Method.invoke(Method.java:569)
at org.testng.internal.invokers.MethodInvocationHelper.invokeMethod(MethodInvocationHelper.java:141)
at org.testng.internal.invokers.TestInvoker.invokeMethod(TestInvoker.java:687)
at org.testng.internal.invokers.TestInvoker.invokeTestMethod(TestInvoker.java:230)
at org.testng.internal.invokers.MethodRunner.runInSequence(MethodRunner.java:63)
at org.testng.internal.invokers.TestInvoker$MethodInvocationAgent.invoke(TestInvoker.java:995)
at org.testng.internal.invokers.TestInvoker.invokeTestMethods(TestInvoker.java:203)
at org.testng.internal.invokers.TestMethodWorker.invokeTestMethods(TestMethodWorker.java:154)
at org.testng.internal.invokers.TestMethodWorker.run(TestMethodWorker.java:134)
at java.base/java.util.ArrayList.forEach(ArrayList.java:1511)
at org.testng.TestRunner.privateRun(TestRunner.java:741)
at org.testng.TestRunner.run(TestRunner.java:616)
at org.testng.SuiteRunner.runTest(SuiteRunner.java:421)
at org.testng.SuiteRunner$SuiteWorker.run(SuiteRunner.java:463)
at org.testng.internal.thread.ThreadUtil.lambda$execute$0(ThreadUtil.java:64)
at java.base/java.util.concurrent.FutureTask.run(FutureTask.java:264)
at java.base/java.util.concurrent.ThreadPoolExecutor.runWorker(ThreadPoolExecutor.java:1136)
at java.base/java.util.concurrent.ThreadPoolExecutor$Worker.run(ThreadPoolExecutor.java:635)
at java.base/java.lang.Thread.run(Thread.java:840)
]]>
            </full-stacktrace>
          </exception> <!-- java.lang.AssertionError -->
          <reporter-output>
          </reporter-output>
        </test-method> <!-- SortPriceLowToHigh -->
        <test-method is-config="true" signature="tearDown()[pri:0, instance:esauCompany.Tests.ProductPageTest@433defed]" started-at="2025-05-27T10:00:47 PDT" name="tearDown" finished-at="2025-05-27T10:00:48 PDT" duration-ms="104" status="PASS">
          <reporter-output>
          </reporter-output>
        </test-method> <!-- tearDown -->
      </class> <!-- esauCompany.Tests.ProductPageTest -->
    </test> <!-- Sort Test -->
  </suite> <!-- Suite -->
</testng-results>
